# JRE version: OpenJDK Runtime Environment (8.0_152-b02) (build 1.8.0_152-release-1024-b02)
# Java VM: OpenJDK 64-Bit Server VM (25.152-b02 mixed mode windows-amd64 compressed oops)
Heap:
 PSYoungGen      total 173056K, used 164948K [0x00000000e0000000, 0x00000000ecf00000, 0x0000000100000000)
  eden space 140288K, 100% used [0x00000000e0000000,0x00000000e8900000,0x00000000e8900000)
  from space 32768K, 75% used [0x00000000eaf00000,0x00000000ec715398,0x00000000ecf00000)
  to   space 35840K, 97% used [0x00000000e8900000,0x00000000eaaf4590,0x00000000eac00000)
 ParOldGen       total 151040K, used 71219K [0x00000000a0000000, 0x00000000a9380000, 0x00000000e0000000)
  object space 151040K, 47% used [0x00000000a0000000,0x00000000a458ce68,0x00000000a9380000)
 Metaspace       used 84334K, capacity 88520K, committed 88792K, reserved 1126400K
  class space    used 10761K, capacity 11737K, committed 11776K, reserved 1048576K
GC Heap History (10 events):
Event: 2006.709 GC heap after
Heap after GC invocations=21 (full 3):
 PSYoungGen      total 187392K, used 13659K [0x00000000e0000000, 0x00000000ee080000, 0x0000000100000000)
  eden space 157184K, 0% used [0x00000000e0000000,0x00000000e0000000,0x00000000e9980000)
  from space 30208K, 45% used [0x00000000ec300000,0x00000000ed056d68,0x00000000ee080000)
  to   space 36352K, 0% used [0x00000000e9980000,0x00000000e9980000,0x00000000ebd00000)
 ParOldGen       total 151040K, used 71179K [0x00000000a0000000, 0x00000000a9380000, 0x00000000e0000000)
  object space 151040K, 47% used [0x00000000a0000000,0x00000000a4582e68,0x00000000a9380000)
 Metaspace       used 70853K, capacity 74066K, committed 74072K, reserved 1114112K
  class space    used 9107K, capacity 9852K, committed 9856K, reserved 1048576K
}
Event: 2013.479 GC heap before
{Heap before GC invocations=22 (full 3):
 PSYoungGen      total 187392K, used 170843K [0x00000000e0000000, 0x00000000ee080000, 0x0000000100000000)
  eden space 157184K, 100% used [0x00000000e0000000,0x00000000e9980000,0x00000000e9980000)
  from space 30208K, 45% used [0x00000000ec300000,0x00000000ed056d68,0x00000000ee080000)
  to   space 36352K, 0% used [0x00000000e9980000,0x00000000e9980000,0x00000000ebd00000)
 ParOldGen       total 151040K, used 71179K [0x00000000a0000000, 0x00000000a9380000, 0x00000000e0000000)
  object space 151040K, 47% used [0x00000000a0000000,0x00000000a4582e68,0x00000000a9380000)
 Metaspace       used 71589K, capacity 75220K, committed 75352K, reserved 1114112K
  class space    used 9188K, capacity 10011K, committed 10112K, reserved 1048576K
Event: 2013.496 GC heap after
Heap after GC invocations=22 (full 3):
 PSYoungGen      total 176128K, used 23507K [0x00000000e0000000, 0x00000000edd00000, 0x0000000100000000)
  eden space 152576K, 0% used [0x00000000e0000000,0x00000000e0000000,0x00000000e9500000)
  from space 23552K, 99% used [0x00000000e9980000,0x00000000eb074f80,0x00000000eb080000)
  to   space 36864K, 0% used [0x00000000eb900000,0x00000000eb900000,0x00000000edd00000)
 ParOldGen       total 151040K, used 71187K [0x00000000a0000000, 0x00000000a9380000, 0x00000000e0000000)
  object space 151040K, 47% used [0x00000000a0000000,0x00000000a4584e68,0x00000000a9380000)
 Metaspace       used 71589K, capacity 75220K, committed 75352K, reserved 1114112K
  class space    used 9188K, capacity 10011K, committed 10112K, reserved 1048576K
}
Event: 2173.312 GC heap before
{Heap before GC invocations=23 (full 3):
 PSYoungGen      total 176128K, used 176083K [0x00000000e0000000, 0x00000000edd00000, 0x0000000100000000)
  eden space 152576K, 100% used [0x00000000e0000000,0x00000000e9500000,0x00000000e9500000)
  from space 23552K, 99% used [0x00000000e9980000,0x00000000eb074f80,0x00000000eb080000)
  to   space 36864K, 0% used [0x00000000eb900000,0x00000000eb900000,0x00000000edd00000)
 ParOldGen       total 151040K, used 71187K [0x00000000a0000000, 0x00000000a9380000, 0x00000000e0000000)
  object space 151040K, 47% used [0x00000000a0000000,0x00000000a4584e68,0x00000000a9380000)
 Metaspace       used 71965K, capacity 75640K, committed 75864K, reserved 1116160K
  class space    used 9222K, capacity 10055K, committed 10112K, reserved 1048576K
Event: 2173.327 GC heap after
Heap after GC invocations=23 (full 3):
 PSYoungGen      total 179200K, used 18676K [0x00000000e0000000, 0x00000000ed700000, 0x0000000100000000)
  eden space 148480K, 0% used [0x00000000e0000000,0x00000000e0000000,0x00000000e9100000)
  from space 30720K, 60% used [0x00000000eb900000,0x00000000ecb3d2e0,0x00000000ed700000)
  to   space 35840K, 0% used [0x00000000e9100000,0x00000000e9100000,0x00000000eb400000)
 ParOldGen       total 151040K, used 71195K [0x00000000a0000000, 0x00000000a9380000, 0x00000000e0000000)
  object space 151040K, 47% used [0x00000000a0000000,0x00000000a4586e68,0x00000000a9380000)
 Metaspace       used 71965K, capacity 75640K, committed 75864K, reserved 1116160K
  class space    used 9222K, capacity 10055K, committed 10112K, reserved 1048576K
}
Event: 2174.114 GC heap before
{Heap before GC invocations=24 (full 3):
 PSYoungGen      total 179200K, used 167156K [0x00000000e0000000, 0x00000000ed700000, 0x0000000100000000)
  eden space 148480K, 100% used [0x00000000e0000000,0x00000000e9100000,0x00000000e9100000)
  from space 30720K, 60% used [0x00000000eb900000,0x00000000ecb3d2e0,0x00000000ed700000)
  to   space 35840K, 0% used [0x00000000e9100000,0x00000000e9100000,0x00000000eb400000)
 ParOldGen       total 151040K, used 71195K [0x00000000a0000000, 0x00000000a9380000, 0x00000000e0000000)
  object space 151040K, 47% used [0x00000000a0000000,0x00000000a4586e68,0x00000000a9380000)
 Metaspace       used 72015K, capacity 75704K, committed 75864K, reserved 1116160K
  class space    used 9222K, capacity 10055K, committed 10112K, reserved 1048576K
Event: 2174.132 GC heap after
Heap after GC invocations=24 (full 3):
 PSYoungGen      total 163840K, used 18996K [0x00000000e0000000, 0x00000000ed100000, 0x0000000100000000)
  eden space 144384K, 0% used [0x00000000e0000000,0x00000000e0000000,0x00000000e8d00000)
  from space 19456K, 97% used [0x00000000e9100000,0x00000000ea38d2e0,0x00000000ea400000)
  to   space 34816K, 0% used [0x00000000eaf00000,0x00000000eaf00000,0x00000000ed100000)
 ParOldGen       total 151040K, used 71203K [0x00000000a0000000, 0x00000000a9380000, 0x00000000e0000000)
  object space 151040K, 47% used [0x00000000a0000000,0x00000000a4588e68,0x00000000a9380000)
 Metaspace       used 72015K, capacity 75704K, committed 75864K, reserved 1116160K
  class space    used 9222K, capacity 10055K, committed 10112K, reserved 1048576K
}
Event: 2177.747 GC heap before
{Heap before GC invocations=25 (full 3):
 PSYoungGen      total 163840K, used 163380K [0x00000000e0000000, 0x00000000ed100000, 0x0000000100000000)
  eden space 144384K, 100% used [0x00000000e0000000,0x00000000e8d00000,0x00000000e8d00000)
  from space 19456K, 97% used [0x00000000e9100000,0x00000000ea38d2e0,0x00000000ea400000)
  to   space 34816K, 0% used [0x00000000eaf00000,0x00000000eaf00000,0x00000000ed100000)
 ParOldGen       total 151040K, used 71203K [0x00000000a0000000, 0x00000000a9380000, 0x00000000e0000000)
  object space 151040K, 47% used [0x00000000a0000000,0x00000000a4588e68,0x00000000a9380000)
 Metaspace       used 77343K, capacity 80988K, committed 81112K, reserved 1120256K
  class space    used 9824K, capacity 10667K, committed 10752K, reserved 1048576K
Event: 2177.773 GC heap after
Heap after GC invocations=25 (full 3):
 PSYoungGen      total 173056K, used 24660K [0x00000000e0000000, 0x00000000ecf00000, 0x0000000100000000)
  eden space 140288K, 0% used [0x00000000e0000000,0x00000000e0000000,0x00000000e8900000)
  from space 32768K, 75% used [0x00000000eaf00000,0x00000000ec715398,0x00000000ecf00000)
  to   space 35840K, 0% used [0x00000000e8900000,0x00000000e8900000,0x00000000eac00000)
 ParOldGen       total 151040K, used 71211K [0x00000000a0000000, 0x00000000a9380000, 0x00000000e0000000)
  object space 151040K, 47% used [0x00000000a0000000,0x00000000a458ae68,0x00000000a9380000)
 Metaspace       used 77343K, capacity 80988K, committed 81112K, reserved 1120256K
  class space    used 9824K, capacity 10667K, committed 10752K, reserved 1048576K
}
Event: 2179.980 GC heap before
{Heap before GC invocations=26 (full 3):
 PSYoungGen      total 173056K, used 164948K [0x00000000e0000000, 0x00000000ecf00000, 0x0000000100000000)
  eden space 140288K, 100% used [0x00000000e0000000,0x00000000e8900000,0x00000000e8900000)
  from space 32768K, 75% used [0x00000000eaf00000,0x00000000ec715398,0x00000000ecf00000)
  to   space 35840K, 0% used [0x00000000e8900000,0x00000000e8900000,0x00000000eac00000)
 ParOldGen       total 151040K, used 71211K [0x00000000a0000000, 0x00000000a9380000, 0x00000000e0000000)
  object space 151040K, 47% used [0x00000000a0000000,0x00000000a458ae68,0x00000000a9380000)
 Metaspace       used 84334K, capacity 88520K, committed 88792K, reserved 1126400K
  class space    used 10761K, capacity 11737K, committed 11776K, reserved 1048576K

